<?xml version="1.0" encoding="UTF-8"?>
<robot generator="Robot 7.3.2 (Python 3.10.3 on win32)" generated="2025-10-17T03:17:31.084128" rpa="false" schemaversion="5">
<suite id="s1" name="FileConfig" source="C:\Users\Huzair\Desktop\VaultManagement_Script\FileConfig.robot">
<test id="s1-t1" name="Login To Website" line="7">
<kw name="Open Browser" owner="SeleniumLibrary">
<msg time="2025-10-17T03:17:31.592755" level="INFO">Opening browser 'chrome' to base url 'http://vm.3em.tech'.</msg>
<arg>http://vm.3em.tech</arg>
<arg>chrome</arg>
<doc>Opens a new browser instance to the optional ``url``.</doc>
<status status="PASS" start="2025-10-17T03:17:31.591758" elapsed="5.553068"/>
</kw>
<kw name="Sleep" owner="BuiltIn">
<msg time="2025-10-17T03:17:42.159940" level="INFO">Slept 5 seconds.</msg>
<arg>5s</arg>
<doc>Pauses the test executed for the given time.</doc>
<status status="PASS" start="2025-10-17T03:17:37.144826" elapsed="5.016160"/>
</kw>
<kw name="Maximize Browser Window" owner="SeleniumLibrary">
<doc>Maximizes current browser window.</doc>
<status status="PASS" start="2025-10-17T03:17:42.161390" elapsed="0.011523"/>
</kw>
<kw name="Execute Javascript" owner="SeleniumLibrary">
<msg time="2025-10-17T03:17:42.175702" level="INFO">Executing JavaScript:
document.body.style.zoom="50%"
Without any arguments.</msg>
<arg>document.body.style.zoom="50%"</arg>
<doc>Executes the given JavaScript code with possible arguments.</doc>
<status status="PASS" start="2025-10-17T03:17:42.173700" elapsed="0.037906"/>
</kw>
<doc>Open website and log in</doc>
<status status="PASS" start="2025-10-17T03:17:31.590760" elapsed="10.620846"/>
</test>
<test id="s1-t2" name="Locating File Config" line="14">
<kw name="Wait Until Element Is Visible" owner="SeleniumLibrary">
<arg>${FileConfigBtn}</arg>
<arg>2s</arg>
<doc>Waits until the element ``locator`` is visible.</doc>
<status status="PASS" start="2025-10-17T03:17:42.213601" elapsed="0.096247"/>
</kw>
<kw name="Click Element" owner="SeleniumLibrary">
<msg time="2025-10-17T03:17:42.310845" level="INFO">Clicking element 'xpath=//span[normalize-space()='File Configs']'.</msg>
<arg>${FileConfigBtn}</arg>
<doc>Click the element identified by ``locator``.</doc>
<status status="PASS" start="2025-10-17T03:17:42.310845" elapsed="0.079171"/>
</kw>
<doc>Locate to File Config Tab</doc>
<status status="PASS" start="2025-10-17T03:17:42.212602" elapsed="0.178411"/>
</test>
<test id="s1-t3" name="Entering Valid File Name" line="19">
<kw name="Wait Until Element Is Visible" owner="SeleniumLibrary">
<arg>${FileName_Input}</arg>
<arg>2s</arg>
<doc>Waits until the element ``locator`` is visible.</doc>
<status status="PASS" start="2025-10-17T03:17:42.393008" elapsed="0.468475"/>
</kw>
<kw name="Input Text" owner="SeleniumLibrary">
<msg time="2025-10-17T03:17:42.863478" level="INFO">Typing text 'test' into text field 'xpath=//input[@data-tour="fileName"]'.</msg>
<arg>${FileName_Input}</arg>
<arg>test</arg>
<doc>Types the given ``text`` into the text field identified by ``locator``.</doc>
<status status="PASS" start="2025-10-17T03:17:42.862482" elapsed="0.121674"/>
</kw>
<kw name="Sleep" owner="BuiltIn">
<msg time="2025-10-17T03:17:43.997912" level="INFO">Slept 1 second.</msg>
<arg>1s</arg>
<doc>Pauses the test executed for the given time.</doc>
<status status="PASS" start="2025-10-17T03:17:42.985160" elapsed="1.013602"/>
</kw>
<doc>Creating new valid file</doc>
<status status="PASS" start="2025-10-17T03:17:42.392013" elapsed="1.609740"/>
</test>
<test id="s1-t4" name="Entering Valid Column Name" line="24">
<kw name="Wait Until Element Is Visible" owner="SeleniumLibrary">
<arg>${ColumnName_Input_1}</arg>
<arg>2s</arg>
<doc>Waits until the element ``locator`` is visible.</doc>
<status status="PASS" start="2025-10-17T03:17:44.007737" elapsed="0.077214"/>
</kw>
<kw name="Input Text" owner="SeleniumLibrary">
<msg time="2025-10-17T03:17:44.085950" level="INFO">Typing text 'Col-1' into text field 'xpath=//input[@id="col-name-0"]'.</msg>
<arg>${ColumnName_Input_1}</arg>
<arg>Col-1</arg>
<doc>Types the given ``text`` into the text field identified by ``locator``.</doc>
<status status="PASS" start="2025-10-17T03:17:44.084951" elapsed="0.097603"/>
</kw>
<kw name="Wait Until Element Is Visible" owner="SeleniumLibrary">
<arg>${DataType_Select}</arg>
<arg>3s</arg>
<doc>Waits until the element ``locator`` is visible.</doc>
<status status="PASS" start="2025-10-17T03:17:44.182554" elapsed="0.015958"/>
</kw>
<kw name="Select From List By Label" owner="SeleniumLibrary">
<msg time="2025-10-17T03:17:44.199508" level="INFO">Selecting options from selection list 'xpath=//select[contains(@class,"table-select")]' by label Numeric.</msg>
<arg>${DataType_Select}</arg>
<arg>Numeric</arg>
<doc>Selects options from selection list ``locator`` by ``labels``.</doc>
<status status="PASS" start="2025-10-17T03:17:44.198512" elapsed="0.089759"/>
</kw>
<kw name="Sleep" owner="BuiltIn">
<msg time="2025-10-17T03:17:46.298616" level="INFO">Slept 2 seconds.</msg>
<arg>2s</arg>
<doc>Pauses the test executed for the given time.</doc>
<status status="PASS" start="2025-10-17T03:17:44.288271" elapsed="2.010345"/>
</kw>
<doc>Creating first column</doc>
<status status="PASS" start="2025-10-17T03:17:44.004745" elapsed="2.293871"/>
</test>
<test id="s1-t5" name="Clicking Add More Column Button" line="31">
<kw name="Wait Until Element Is Visible" owner="SeleniumLibrary">
<arg>${AddColumn_Btn}</arg>
<arg>2s</arg>
<doc>Waits until the element ``locator`` is visible.</doc>
<status status="PASS" start="2025-10-17T03:17:46.300611" elapsed="0.023936"/>
</kw>
<kw name="Click Element" owner="SeleniumLibrary">
<msg time="2025-10-17T03:17:46.324547" level="INFO">Clicking element 'xpath=//span[normalize-space(.)="Add Column"]'.</msg>
<arg>${AddColumn_Btn}</arg>
<doc>Click the element identified by ``locator``.</doc>
<status status="PASS" start="2025-10-17T03:17:46.324547" elapsed="0.075988"/>
</kw>
<kw name="Sleep" owner="BuiltIn">
<msg time="2025-10-17T03:17:48.411998" level="INFO">Slept 2 seconds.</msg>
<arg>2s</arg>
<doc>Pauses the test executed for the given time.</doc>
<status status="PASS" start="2025-10-17T03:17:46.404525" elapsed="2.007473"/>
</kw>
<doc>Adding second column</doc>
<status status="PASS" start="2025-10-17T03:17:46.299622" elapsed="2.113374"/>
</test>
<test id="s1-t6" name="Entering Second Column" line="36">
<kw name="Wait Until Element Is Visible" owner="SeleniumLibrary">
<arg>${ColumnName_Input_2}</arg>
<arg>2s</arg>
<doc>Waits until the element ``locator`` is visible.</doc>
<status status="PASS" start="2025-10-17T03:17:48.414991" elapsed="0.032912"/>
</kw>
<kw name="Input Text" owner="SeleniumLibrary">
<msg time="2025-10-17T03:17:48.449898" level="INFO">Typing text 'Col-2' into text field 'xpath=//input[@id="col-name-1"]'.</msg>
<arg>${ColumnName_Input_2}</arg>
<arg>Col-2</arg>
<doc>Types the given ``text`` into the text field identified by ``locator``.</doc>
<status status="PASS" start="2025-10-17T03:17:48.448899" elapsed="0.096774"/>
</kw>
<kw name="Wait Until Element Is Visible" owner="SeleniumLibrary">
<arg>${DataType_Select}</arg>
<arg>3s</arg>
<doc>Waits until the element ``locator`` is visible.</doc>
<status status="PASS" start="2025-10-17T03:17:48.546670" elapsed="0.015958"/>
</kw>
<kw name="Select From List By Label" owner="SeleniumLibrary">
<msg time="2025-10-17T03:17:48.563625" level="INFO">Selecting options from selection list 'xpath=//select[contains(@class,"table-select")]' by label AlphaNumeric.</msg>
<arg>${DataType_Select}</arg>
<arg>AlphaNumeric</arg>
<doc>Selects options from selection list ``locator`` by ``labels``.</doc>
<status status="PASS" start="2025-10-17T03:17:48.563625" elapsed="0.090758"/>
</kw>
<kw name="Sleep" owner="BuiltIn">
<msg time="2025-10-17T03:17:50.672029" level="INFO">Slept 2 seconds.</msg>
<arg>2s</arg>
<doc>Pauses the test executed for the given time.</doc>
<status status="PASS" start="2025-10-17T03:17:48.655379" elapsed="2.016650"/>
</kw>
<doc>Creating second column</doc>
<status status="PASS" start="2025-10-17T03:17:48.413993" elapsed="2.259034"/>
</test>
<test id="s1-t7" name="Adding File Configuration by Clicking Create Button" line="43">
<kw name="Wait Until Element Is Visible" owner="SeleniumLibrary">
<arg>${Create_Btn}</arg>
<arg>2s</arg>
<doc>Waits until the element ``locator`` is visible.</doc>
<status status="PASS" start="2025-10-17T03:17:50.676020" elapsed="0.032912"/>
</kw>
<kw name="Click Element" owner="SeleniumLibrary">
<msg time="2025-10-17T03:17:50.709929" level="INFO">Clicking element 'xpath=//button[@data-tour="create"]'.</msg>
<arg>${Create_Btn}</arg>
<doc>Click the element identified by ``locator``.</doc>
<status status="PASS" start="2025-10-17T03:17:50.708932" elapsed="0.076793"/>
</kw>
<doc>Clicking on Create Button to add file configuration</doc>
<status status="PASS" start="2025-10-17T03:17:50.675022" elapsed="0.112699"/>
</test>
<doc>File Configuration tests - automates file configuration creation using SeleniumLibrary.</doc>
<status status="PASS" start="2025-10-17T03:17:31.087108" elapsed="19.701609"/>
</suite>
<statistics>
<total>
<stat pass="7" fail="0" skip="0">All Tests</stat>
</total>
<tag>
</tag>
<suite>
<stat name="FileConfig" id="s1" pass="7" fail="0" skip="0">FileConfig</stat>
</suite>
</statistics>
<errors>
</errors>
</robot>
